0 info it worked if it ends with ok
1 verbose cli [ '/Users/jasonkim/.meteor/packages/meteor-tool/.1.4.2_3.1rd9djy++os.osx.x86_64+web.browser+web.cordova/mt-os.osx.x86_64/dev_bundle/bin/node',
1 verbose cli   '/Users/jasonkim/.meteor/packages/meteor-tool/.1.4.2_3.1rd9djy++os.osx.x86_64+web.browser+web.cordova/mt-os.osx.x86_64/dev_bundle/bin/npm',
1 verbose cli   'install',
1 verbose cli   '--save',
1 verbose cli   'bcrypt' ]
2 info using npm@3.10.9
3 info using node@v4.6.2
4 silly loadCurrentTree Starting
5 silly install loadCurrentTree
6 silly install readLocalPackageData
7 silly fetchPackageMetaData bcrypt@^1.0.2
8 silly fetchNamedPackageData bcrypt
9 silly mapToRegistry name bcrypt
10 silly mapToRegistry using default registry
11 silly mapToRegistry registry https://registry.npmjs.org/
12 silly mapToRegistry data Result {
12 silly mapToRegistry   raw: 'bcrypt',
12 silly mapToRegistry   scope: null,
12 silly mapToRegistry   escapedName: 'bcrypt',
12 silly mapToRegistry   name: 'bcrypt',
12 silly mapToRegistry   rawSpec: '',
12 silly mapToRegistry   spec: 'latest',
12 silly mapToRegistry   type: 'tag' }
13 silly mapToRegistry uri https://registry.npmjs.org/bcrypt
14 verbose request uri https://registry.npmjs.org/bcrypt
15 verbose request no auth needed
16 info attempt registry request try #1 at 5:07:45 PM
17 verbose request id dc17afb8fc801547
18 verbose etag W/"58809825-16d56"
19 verbose lastModified Thu, 19 Jan 2017 10:42:45 GMT
20 http request GET https://registry.npmjs.org/bcrypt
21 http 304 https://registry.npmjs.org/bcrypt
22 verbose headers { date: 'Sat, 28 Jan 2017 22:07:46 GMT',
22 verbose headers   via: '1.1 varnish',
22 verbose headers   'cache-control': 'max-age=300',
22 verbose headers   etag: 'W/"58809825-16d56"',
22 verbose headers   age: '262',
22 verbose headers   connection: 'keep-alive',
22 verbose headers   'x-served-by': 'cache-jfk8138-JFK',
22 verbose headers   'x-cache': 'HIT',
22 verbose headers   'x-cache-hits': '1',
22 verbose headers   'x-timer': 'S1485641266.019548,VS0,VE0',
22 verbose headers   vary: 'Accept-Encoding' }
23 silly get cb [ 304,
23 silly get   { date: 'Sat, 28 Jan 2017 22:07:46 GMT',
23 silly get     via: '1.1 varnish',
23 silly get     'cache-control': 'max-age=300',
23 silly get     etag: 'W/"58809825-16d56"',
23 silly get     age: '262',
23 silly get     connection: 'keep-alive',
23 silly get     'x-served-by': 'cache-jfk8138-JFK',
23 silly get     'x-cache': 'HIT',
23 silly get     'x-cache-hits': '1',
23 silly get     'x-timer': 'S1485641266.019548,VS0,VE0',
23 silly get     vary: 'Accept-Encoding' } ]
24 verbose etag https://registry.npmjs.org/bcrypt from cache
25 verbose get saving bcrypt to /Users/jasonkim/.meteor/packages/meteor-tool/.1.4.2_3.1rd9djy++os.osx.x86_64+web.browser+web.cordova/mt-os.osx.x86_64/dev_bundle/.npm/registry.npmjs.org/bcrypt/.cache.json
26 verbose correctMkdir /Users/jasonkim/.meteor/packages/meteor-tool/.1.4.2_3.1rd9djy++os.osx.x86_64+web.browser+web.cordova/mt-os.osx.x86_64/dev_bundle/.npm correctMkdir not in flight; initializing
27 silly install normalizeTree
28 silly loadCurrentTree Finishing
29 silly loadIdealTree Starting
30 silly install loadIdealTree
31 silly cloneCurrentTree Starting
32 silly install cloneCurrentTreeToIdealTree
33 silly cloneCurrentTree Finishing
34 silly loadShrinkwrap Starting
35 silly install loadShrinkwrap
36 silly loadShrinkwrap Finishing
37 silly loadAllDepsIntoIdealTree Starting
38 silly install loadAllDepsIntoIdealTree
39 silly resolveWithNewModule bcrypt@1.0.2 checking installable status
40 silly cache add args [ 'bcrypt@^1.0.2', null ]
41 verbose cache add spec bcrypt@^1.0.2
42 silly cache add parsed spec Result {
42 silly cache add   raw: 'bcrypt@^1.0.2',
42 silly cache add   scope: null,
42 silly cache add   escapedName: 'bcrypt',
42 silly cache add   name: 'bcrypt',
42 silly cache add   rawSpec: '^1.0.2',
42 silly cache add   spec: '>=1.0.2 <2.0.0',
42 silly cache add   type: 'range' }
43 silly addNamed bcrypt@>=1.0.2 <2.0.0
44 verbose addNamed ">=1.0.2 <2.0.0" is a valid semver range for bcrypt
45 silly addNameRange { name: 'bcrypt', range: '>=1.0.2 <2.0.0', hasData: false }
46 silly mapToRegistry name bcrypt
47 silly mapToRegistry using default registry
48 silly mapToRegistry registry https://registry.npmjs.org/
49 silly mapToRegistry data Result {
49 silly mapToRegistry   raw: 'bcrypt',
49 silly mapToRegistry   scope: null,
49 silly mapToRegistry   escapedName: 'bcrypt',
49 silly mapToRegistry   name: 'bcrypt',
49 silly mapToRegistry   rawSpec: '',
49 silly mapToRegistry   spec: 'latest',
49 silly mapToRegistry   type: 'tag' }
50 silly mapToRegistry uri https://registry.npmjs.org/bcrypt
51 verbose addNameRange registry:https://registry.npmjs.org/bcrypt not in flight; fetching
52 verbose get https://registry.npmjs.org/bcrypt not expired, no request
53 silly addNameRange number 2 { name: 'bcrypt', range: '>=1.0.2 <2.0.0', hasData: true }
54 silly addNameRange versions [ 'bcrypt',
54 silly addNameRange   [ '0.1.2',
54 silly addNameRange     '0.2.0',
54 silly addNameRange     '0.2.1',
54 silly addNameRange     '0.1.3',
54 silly addNameRange     '0.2.2',
54 silly addNameRange     '0.2.3',
54 silly addNameRange     '0.2.4',
54 silly addNameRange     '0.3.0',
54 silly addNameRange     '0.3.1',
54 silly addNameRange     '0.3.2',
54 silly addNameRange     '0.4.0',
54 silly addNameRange     '0.4.1',
54 silly addNameRange     '0.5.0',
54 silly addNameRange     '0.6.0',
54 silly addNameRange     '0.7.0',
54 silly addNameRange     '0.7.1',
54 silly addNameRange     '0.7.2',
54 silly addNameRange     '0.7.3',
54 silly addNameRange     '0.7.4',
54 silly addNameRange     '0.7.5',
54 silly addNameRange     '0.7.6',
54 silly addNameRange     '0.7.7',
54 silly addNameRange     '0.7.8',
54 silly addNameRange     '0.8.0',
54 silly addNameRange     '0.8.1',
54 silly addNameRange     '0.8.2',
54 silly addNameRange     '0.8.3',
54 silly addNameRange     '0.8.4',
54 silly addNameRange     '0.8.5',
54 silly addNameRange     '0.8.6',
54 silly addNameRange     '0.8.7',
54 silly addNameRange     '1.0.0',
54 silly addNameRange     '1.0.1',
54 silly addNameRange     '1.0.2' ] ]
55 silly addNamed bcrypt@1.0.2
56 verbose addNamed "1.0.2" is a plain semver version for bcrypt
57 silly cache afterAdd bcrypt@1.0.2
58 verbose afterAdd /Users/jasonkim/.meteor/packages/meteor-tool/.1.4.2_3.1rd9djy++os.osx.x86_64+web.browser+web.cordova/mt-os.osx.x86_64/dev_bundle/.npm/bcrypt/1.0.2/package/package.json not in flight; writing
59 verbose correctMkdir /Users/jasonkim/.meteor/packages/meteor-tool/.1.4.2_3.1rd9djy++os.osx.x86_64+web.browser+web.cordova/mt-os.osx.x86_64/dev_bundle/.npm correctMkdir not in flight; initializing
60 verbose afterAdd /Users/jasonkim/.meteor/packages/meteor-tool/.1.4.2_3.1rd9djy++os.osx.x86_64+web.browser+web.cordova/mt-os.osx.x86_64/dev_bundle/.npm/bcrypt/1.0.2/package/package.json written
61 silly fetchNamedPackageData nan
62 silly mapToRegistry name nan
63 silly mapToRegistry using default registry
64 silly mapToRegistry registry https://registry.npmjs.org/
65 silly mapToRegistry data Result {
65 silly mapToRegistry   raw: 'nan',
65 silly mapToRegistry   scope: null,
65 silly mapToRegistry   escapedName: 'nan',
65 silly mapToRegistry   name: 'nan',
65 silly mapToRegistry   rawSpec: '',
65 silly mapToRegistry   spec: 'latest',
65 silly mapToRegistry   type: 'tag' }
66 silly mapToRegistry uri https://registry.npmjs.org/nan
67 verbose request uri https://registry.npmjs.org/nan
68 verbose request no auth needed
69 info attempt registry request try #1 at 5:07:46 PM
70 verbose etag W/"588531dd-1df56"
71 verbose lastModified Sun, 22 Jan 2017 22:27:41 GMT
72 http request GET https://registry.npmjs.org/nan
73 http 304 https://registry.npmjs.org/nan
74 verbose headers { date: 'Sat, 28 Jan 2017 22:07:46 GMT',
74 verbose headers   via: '1.1 varnish',
74 verbose headers   'cache-control': 'max-age=300',
74 verbose headers   etag: 'W/"588531dd-1df56"',
74 verbose headers   age: '96',
74 verbose headers   connection: 'keep-alive',
74 verbose headers   'x-served-by': 'cache-jfk8138-JFK',
74 verbose headers   'x-cache': 'HIT',
74 verbose headers   'x-cache-hits': '1',
74 verbose headers   'x-timer': 'S1485641266.237849,VS0,VE0',
74 verbose headers   vary: 'Accept-Encoding' }
75 silly get cb [ 304,
75 silly get   { date: 'Sat, 28 Jan 2017 22:07:46 GMT',
75 silly get     via: '1.1 varnish',
75 silly get     'cache-control': 'max-age=300',
75 silly get     etag: 'W/"588531dd-1df56"',
75 silly get     age: '96',
75 silly get     connection: 'keep-alive',
75 silly get     'x-served-by': 'cache-jfk8138-JFK',
75 silly get     'x-cache': 'HIT',
75 silly get     'x-cache-hits': '1',
75 silly get     'x-timer': 'S1485641266.237849,VS0,VE0',
75 silly get     vary: 'Accept-Encoding' } ]
76 verbose etag https://registry.npmjs.org/nan from cache
77 verbose get saving nan to /Users/jasonkim/.meteor/packages/meteor-tool/.1.4.2_3.1rd9djy++os.osx.x86_64+web.browser+web.cordova/mt-os.osx.x86_64/dev_bundle/.npm/registry.npmjs.org/nan/.cache.json
78 verbose correctMkdir /Users/jasonkim/.meteor/packages/meteor-tool/.1.4.2_3.1rd9djy++os.osx.x86_64+web.browser+web.cordova/mt-os.osx.x86_64/dev_bundle/.npm correctMkdir not in flight; initializing
79 silly resolveWithNewModule nan@2.5.0 checking installable status
80 silly cache add args [ 'nan@2.5.0', null ]
81 verbose cache add spec nan@2.5.0
82 silly cache add parsed spec Result {
82 silly cache add   raw: 'nan@2.5.0',
82 silly cache add   scope: null,
82 silly cache add   escapedName: 'nan',
82 silly cache add   name: 'nan',
82 silly cache add   rawSpec: '2.5.0',
82 silly cache add   spec: '2.5.0',
82 silly cache add   type: 'version' }
83 silly addNamed nan@2.5.0
84 verbose addNamed "2.5.0" is a plain semver version for nan
85 silly mapToRegistry name nan
86 silly mapToRegistry using default registry
87 silly mapToRegistry registry https://registry.npmjs.org/
88 silly mapToRegistry data Result {
88 silly mapToRegistry   raw: 'nan',
88 silly mapToRegistry   scope: null,
88 silly mapToRegistry   escapedName: 'nan',
88 silly mapToRegistry   name: 'nan',
88 silly mapToRegistry   rawSpec: '',
88 silly mapToRegistry   spec: 'latest',
88 silly mapToRegistry   type: 'tag' }
89 silly mapToRegistry uri https://registry.npmjs.org/nan
90 verbose addNameVersion registry:https://registry.npmjs.org/nan not in flight; fetching
91 verbose get https://registry.npmjs.org/nan not expired, no request
92 silly cache afterAdd nan@2.5.0
93 verbose afterAdd /Users/jasonkim/.meteor/packages/meteor-tool/.1.4.2_3.1rd9djy++os.osx.x86_64+web.browser+web.cordova/mt-os.osx.x86_64/dev_bundle/.npm/nan/2.5.0/package/package.json not in flight; writing
94 verbose correctMkdir /Users/jasonkim/.meteor/packages/meteor-tool/.1.4.2_3.1rd9djy++os.osx.x86_64+web.browser+web.cordova/mt-os.osx.x86_64/dev_bundle/.npm correctMkdir not in flight; initializing
95 verbose afterAdd /Users/jasonkim/.meteor/packages/meteor-tool/.1.4.2_3.1rd9djy++os.osx.x86_64+web.browser+web.cordova/mt-os.osx.x86_64/dev_bundle/.npm/nan/2.5.0/package/package.json written
96 silly loadAllDepsIntoIdealTree Finishing
97 silly loadIdealTree Finishing
98 silly currentTree Sheng-ji@
98 silly currentTree ├── abbrev@1.0.9
98 silly currentTree ├── acorn@3.3.0
98 silly currentTree ├── align-text@0.1.4
98 silly currentTree ├── amdefine@1.0.1
98 silly currentTree ├── ansi-regex@2.1.1
98 silly currentTree ├── ansi-styles@2.2.1
98 silly currentTree ├── anymatch@1.3.0
98 silly currentTree ├── aproba@1.0.4
98 silly currentTree ├── are-we-there-yet@1.1.2
98 silly currentTree ├── arr-diff@2.0.0
98 silly currentTree ├── arr-flatten@1.0.1
98 silly currentTree ├── array-unique@0.2.1
98 silly currentTree ├── arrify@1.0.1
98 silly currentTree ├── asap@2.0.5
98 silly currentTree ├── asn1@0.2.3
98 silly currentTree ├── assert-plus@0.2.0
98 silly currentTree ├── assert@1.4.1
98 silly currentTree ├── async-each@1.0.1
98 silly currentTree ├── async@1.5.2
98 silly currentTree ├── asynckit@0.4.0
98 silly currentTree ├── aws-sign2@0.6.0
98 silly currentTree ├── aws4@1.5.0
98 silly currentTree ├── babel-runtime@6.18.0
98 silly currentTree ├── balanced-match@0.4.2
98 silly currentTree ├── base64-js@1.2.0
98 silly currentTree ├── bcrypt-pbkdf@1.0.0
98 silly currentTree ├── big.js@3.1.3
98 silly currentTree ├── binary-extensions@1.8.0
98 silly currentTree ├── bindings@1.2.1
98 silly currentTree ├── block-stream@0.0.9
98 silly currentTree ├── boom@2.10.1
98 silly currentTree ├── brace-expansion@1.1.6
98 silly currentTree ├── braces@1.8.5
98 silly currentTree ├── browserify-aes@0.4.0
98 silly currentTree ├── browserify-zlib@0.1.4
98 silly currentTree ├── buffer-shims@1.0.0
98 silly currentTree ├── buffer@4.9.1
98 silly currentTree ├── builtin-status-codes@3.0.0
98 silly currentTree ├── camelcase@1.2.1
98 silly currentTree ├── caseless@0.11.0
98 silly currentTree ├── center-align@0.1.3
98 silly currentTree ├─┬ chalk@1.1.3
98 silly currentTree │ └── supports-color@2.0.0
98 silly currentTree ├── chokidar@1.6.1
98 silly currentTree ├─┬ cliui@2.1.0
98 silly currentTree │ └── wordwrap@0.0.2
98 silly currentTree ├── clone@1.0.2
98 silly currentTree ├── code-point-at@1.1.0
98 silly currentTree ├── combined-stream@1.0.5
98 silly currentTree ├── commander@2.9.0
98 silly currentTree ├── concat-map@0.0.1
98 silly currentTree ├── console-browserify@1.1.0
98 silly currentTree ├── console-control-strings@1.1.0
98 silly currentTree ├── constants-browserify@1.0.0
98 silly currentTree ├── core-js@2.4.1
98 silly currentTree ├── core-util-is@1.0.2
98 silly currentTree ├── cryptiles@2.0.5
98 silly currentTree ├── crypto-browserify@3.3.0
98 silly currentTree ├─┬ dashdash@1.14.1
98 silly currentTree │ └── assert-plus@1.0.0
98 silly currentTree ├── date-now@0.1.4
98 silly currentTree ├── debug@2.2.0
98 silly currentTree ├── decamelize@1.2.0
98 silly currentTree ├── deep-extend@0.4.1
98 silly currentTree ├── delayed-stream@1.0.0
98 silly currentTree ├── delegates@1.0.0
98 silly currentTree ├── domain-browser@1.1.7
98 silly currentTree ├── ecc-jsbn@0.1.1
98 silly currentTree ├── emojis-list@2.1.0
98 silly currentTree ├── encoding@0.1.12
98 silly currentTree ├─┬ enhanced-resolve@0.9.1
98 silly currentTree │ └── memory-fs@0.2.0
98 silly currentTree ├── errno@0.1.4
98 silly currentTree ├── escape-string-regexp@1.0.5
98 silly currentTree ├── events@1.1.1
98 silly currentTree ├── expand-brackets@0.1.5
98 silly currentTree ├── expand-range@1.8.2
98 silly currentTree ├── extend@3.0.0
98 silly currentTree ├── extglob@0.3.2
98 silly currentTree ├── extsprintf@1.0.2
98 silly currentTree ├─┬ fbjs@0.8.8
98 silly currentTree │ └── core-js@1.2.7
98 silly currentTree ├── filename-regex@2.0.0
98 silly currentTree ├── fill-range@2.2.3
98 silly currentTree ├── for-in@0.1.6
98 silly currentTree ├── for-own@0.1.4
98 silly currentTree ├── forever-agent@0.6.1
98 silly currentTree ├── form-data@2.1.2
98 silly currentTree ├── fs.realpath@1.0.0
98 silly currentTree ├─┬ fsevents@1.0.17
98 silly currentTree │ ├── abbrev@1.0.9
98 silly currentTree │ ├── ansi-regex@2.0.0
98 silly currentTree │ ├── ansi-styles@2.2.1
98 silly currentTree │ ├── aproba@1.0.4
98 silly currentTree │ ├── are-we-there-yet@1.1.2
98 silly currentTree │ ├── asn1@0.2.3
98 silly currentTree │ ├── assert-plus@0.2.0
98 silly currentTree │ ├── asynckit@0.4.0
98 silly currentTree │ ├── aws-sign2@0.6.0
98 silly currentTree │ ├── aws4@1.5.0
98 silly currentTree │ ├── balanced-match@0.4.2
98 silly currentTree │ ├── bcrypt-pbkdf@1.0.0
98 silly currentTree │ ├── block-stream@0.0.9
98 silly currentTree │ ├── boom@2.10.1
98 silly currentTree │ ├── brace-expansion@1.1.6
98 silly currentTree │ ├── buffer-shims@1.0.0
98 silly currentTree │ ├── caseless@0.11.0
98 silly currentTree │ ├─┬ chalk@1.1.3
98 silly currentTree │ │ └── supports-color@2.0.0
98 silly currentTree │ ├── code-point-at@1.1.0
98 silly currentTree │ ├── combined-stream@1.0.5
98 silly currentTree │ ├── commander@2.9.0
98 silly currentTree │ ├── concat-map@0.0.1
98 silly currentTree │ ├── console-control-strings@1.1.0
98 silly currentTree │ ├── core-util-is@1.0.2
98 silly currentTree │ ├── cryptiles@2.0.5
98 silly currentTree │ ├─┬ dashdash@1.14.1
98 silly currentTree │ │ └── assert-plus@1.0.0
98 silly currentTree │ ├── debug@2.2.0
98 silly currentTree │ ├── deep-extend@0.4.1
98 silly currentTree │ ├── delayed-stream@1.0.0
98 silly currentTree │ ├── delegates@1.0.0
98 silly currentTree │ ├── ecc-jsbn@0.1.1
98 silly currentTree │ ├── escape-string-regexp@1.0.5
98 silly currentTree │ ├── extend@3.0.0
98 silly currentTree │ ├── extsprintf@1.0.2
98 silly currentTree │ ├── forever-agent@0.6.1
98 silly currentTree │ ├── form-data@2.1.2
98 silly currentTree │ ├── fs.realpath@1.0.0
98 silly currentTree │ ├── fstream-ignore@1.0.5
98 silly currentTree │ ├── fstream@1.0.10
98 silly currentTree │ ├── gauge@2.7.2
98 silly currentTree │ ├── generate-function@2.0.0
98 silly currentTree │ ├── generate-object-property@1.2.0
98 silly currentTree │ ├─┬ getpass@0.1.6
98 silly currentTree │ │ └── assert-plus@1.0.0
98 silly currentTree │ ├── glob@7.1.1
98 silly currentTree │ ├── graceful-fs@4.1.11
98 silly currentTree │ ├── graceful-readlink@1.0.1
98 silly currentTree │ ├── har-validator@2.0.6
98 silly currentTree │ ├── has-ansi@2.0.0
98 silly currentTree │ ├── has-unicode@2.0.1
98 silly currentTree │ ├── hawk@3.1.3
98 silly currentTree │ ├── hoek@2.16.3
98 silly currentTree │ ├── http-signature@1.1.1
98 silly currentTree │ ├── inflight@1.0.6
98 silly currentTree │ ├── inherits@2.0.3
98 silly currentTree │ ├── ini@1.3.4
98 silly currentTree │ ├── is-fullwidth-code-point@1.0.0
98 silly currentTree │ ├── is-my-json-valid@2.15.0
98 silly currentTree │ ├── is-property@1.0.2
98 silly currentTree │ ├── is-typedarray@1.0.0
98 silly currentTree │ ├── isarray@1.0.0
98 silly currentTree │ ├── isstream@0.1.2
98 silly currentTree │ ├── jodid25519@1.0.2
98 silly currentTree │ ├── jsbn@0.1.0
98 silly currentTree │ ├── json-schema@0.2.3
98 silly currentTree │ ├── json-stringify-safe@5.0.1
98 silly currentTree │ ├── jsonpointer@4.0.1
98 silly currentTree │ ├── jsprim@1.3.1
98 silly currentTree │ ├── mime-db@1.25.0
98 silly currentTree │ ├── mime-types@2.1.13
98 silly currentTree │ ├── minimatch@3.0.3
98 silly currentTree │ ├── minimist@0.0.8
98 silly currentTree │ ├── mkdirp@0.5.1
98 silly currentTree │ ├── ms@0.7.1
98 silly currentTree │ ├── node-pre-gyp@0.6.32
98 silly currentTree │ ├── nopt@3.0.6
98 silly currentTree │ ├── npmlog@4.0.2
98 silly currentTree │ ├── number-is-nan@1.0.1
98 silly currentTree │ ├── oauth-sign@0.8.2
98 silly currentTree │ ├── object-assign@4.1.0
98 silly currentTree │ ├── once@1.4.0
98 silly currentTree │ ├── path-is-absolute@1.0.1
98 silly currentTree │ ├── pinkie-promise@2.0.1
98 silly currentTree │ ├── pinkie@2.0.4
98 silly currentTree │ ├── process-nextick-args@1.0.7
98 silly currentTree │ ├── punycode@1.4.1
98 silly currentTree │ ├── qs@6.3.0
98 silly currentTree │ ├─┬ rc@1.1.6
98 silly currentTree │ │ └── minimist@1.2.0
98 silly currentTree │ ├── readable-stream@2.2.2
98 silly currentTree │ ├── request@2.79.0
98 silly currentTree │ ├── rimraf@2.5.4
98 silly currentTree │ ├── semver@5.3.0
98 silly currentTree │ ├── set-blocking@2.0.0
98 silly currentTree │ ├── signal-exit@3.0.2
98 silly currentTree │ ├── sntp@1.0.9
98 silly currentTree │ ├─┬ sshpk@1.10.1
98 silly currentTree │ │ └── assert-plus@1.0.0
98 silly currentTree │ ├── string_decoder@0.10.31
98 silly currentTree │ ├── string-width@1.0.2
98 silly currentTree │ ├── stringstream@0.0.5
98 silly currentTree │ ├── strip-ansi@3.0.1
98 silly currentTree │ ├── strip-json-comments@1.0.4
98 silly currentTree │ ├── supports-color@0.2.0
98 silly currentTree │ ├─┬ tar-pack@3.3.0
98 silly currentTree │ │ ├── once@1.3.3
98 silly currentTree │ │ └── readable-stream@2.1.5
98 silly currentTree │ ├── tar@2.2.1
98 silly currentTree │ ├── tough-cookie@2.3.2
98 silly currentTree │ ├── tunnel-agent@0.4.3
98 silly currentTree │ ├── tweetnacl@0.14.5
98 silly currentTree │ ├── uid-number@0.0.6
98 silly currentTree │ ├── util-deprecate@1.0.2
98 silly currentTree │ ├── uuid@3.0.1
98 silly currentTree │ ├── verror@1.3.6
98 silly currentTree │ ├── wide-align@1.1.0
98 silly currentTree │ ├── wrappy@1.0.2
98 silly currentTree │ └── xtend@4.0.1
98 silly currentTree ├── fstream-ignore@1.0.5
98 silly currentTree ├── fstream@1.0.10
98 silly currentTree ├─┬ gauge@2.7.2
98 silly currentTree │ └── supports-color@0.2.0
98 silly currentTree ├── generate-function@2.0.0
98 silly currentTree ├── generate-object-property@1.2.0
98 silly currentTree ├─┬ getpass@0.1.6
98 silly currentTree │ └── assert-plus@1.0.0
98 silly currentTree ├── glob-base@0.3.0
98 silly currentTree ├── glob-parent@2.0.0
98 silly currentTree ├── glob@7.1.1
98 silly currentTree ├── graceful-fs@4.1.11
98 silly currentTree ├── graceful-readlink@1.0.1
98 silly currentTree ├── har-validator@2.0.6
98 silly currentTree ├── has-ansi@2.0.0
98 silly currentTree ├── has-flag@1.0.0
98 silly currentTree ├── has-unicode@2.0.1
98 silly currentTree ├── hawk@3.1.3
98 silly currentTree ├── hoek@2.16.3
98 silly currentTree ├── http-signature@1.1.1
98 silly currentTree ├── https-browserify@0.0.1
98 silly currentTree ├── iconv-lite@0.4.15
98 silly currentTree ├── ieee754@1.1.8
98 silly currentTree ├── indexof@0.0.1
98 silly currentTree ├── inflight@1.0.6
98 silly currentTree ├── inherits@2.0.3
98 silly currentTree ├── ini@1.3.4
98 silly currentTree ├── interpret@0.6.6
98 silly currentTree ├── is-binary-path@1.0.1
98 silly currentTree ├── is-buffer@1.1.4
98 silly currentTree ├── is-dotfile@1.0.2
98 silly currentTree ├── is-equal-shallow@0.1.3
98 silly currentTree ├── is-extendable@0.1.1
98 silly currentTree ├── is-extglob@1.0.0
98 silly currentTree ├── is-fullwidth-code-point@1.0.0
98 silly currentTree ├── is-glob@2.0.1
98 silly currentTree ├── is-my-json-valid@2.15.0
98 silly currentTree ├── is-number@2.1.0
98 silly currentTree ├── is-posix-bracket@0.1.1
98 silly currentTree ├── is-primitive@2.0.0
98 silly currentTree ├── is-property@1.0.2
98 silly currentTree ├── is-stream@1.1.0
98 silly currentTree ├── is-typedarray@1.0.0
98 silly currentTree ├── isarray@1.0.0
98 silly currentTree ├── isobject@2.1.0
98 silly currentTree ├── isomorphic-fetch@2.2.1
98 silly currentTree ├── isstream@0.1.2
98 silly currentTree ├── jodid25519@1.0.2
98 silly currentTree ├── js-tokens@3.0.0
98 silly currentTree ├── jsbn@0.1.0
98 silly currentTree ├── json-schema@0.2.3
98 silly currentTree ├── json-stringify-safe@5.0.1
98 silly currentTree ├── json5@0.5.1
98 silly currentTree ├── jsonpointer@4.0.1
98 silly currentTree ├── jsprim@1.3.1
98 silly currentTree ├── kind-of@3.1.0
98 silly currentTree ├── lazy-cache@1.0.4
98 silly currentTree ├── loader-utils@0.2.16
98 silly currentTree ├── longest@1.0.1
98 silly currentTree ├── loose-envify@1.3.1
98 silly currentTree ├── memory-fs@0.3.0
98 silly currentTree ├─┬ meteor-node-stubs@0.2.5
98 silly currentTree │ ├── asn1.js@4.9.0
98 silly currentTree │ ├── assert@1.4.1
98 silly currentTree │ ├── base64-js@1.2.0
98 silly currentTree │ ├── Base64@0.2.1
98 silly currentTree │ ├── bn.js@4.11.6
98 silly currentTree │ ├── brorand@1.0.6
98 silly currentTree │ ├── browserify-aes@1.0.6
98 silly currentTree │ ├── browserify-cipher@1.0.0
98 silly currentTree │ ├── browserify-des@1.0.0
98 silly currentTree │ ├── browserify-rsa@4.0.1
98 silly currentTree │ ├── browserify-sign@4.0.0
98 silly currentTree │ ├── browserify-zlib@0.1.4
98 silly currentTree │ ├── buffer-shims@1.0.0
98 silly currentTree │ ├── buffer-xor@1.0.3
98 silly currentTree │ ├── buffer@4.9.1
98 silly currentTree │ ├── cipher-base@1.0.3
98 silly currentTree │ ├── console-browserify@1.1.0
98 silly currentTree │ ├── constants-browserify@1.0.0
98 silly currentTree │ ├── core-util-is@1.0.2
98 silly currentTree │ ├── create-ecdh@4.0.0
98 silly currentTree │ ├── create-hash@1.1.2
98 silly currentTree │ ├── create-hmac@1.1.4
98 silly currentTree │ ├── crypto-browserify@3.11.0
98 silly currentTree │ ├── date-now@0.1.4
98 silly currentTree │ ├── des.js@1.0.0
98 silly currentTree │ ├── diffie-hellman@5.0.2
98 silly currentTree │ ├── domain-browser@1.1.7
98 silly currentTree │ ├── elliptic@6.3.2
98 silly currentTree │ ├── events@1.1.1
98 silly currentTree │ ├── evp_bytestokey@1.0.0
98 silly currentTree │ ├── hash.js@1.0.3
98 silly currentTree │ ├── http-browserify@1.7.0
98 silly currentTree │ ├── https-browserify@0.0.1
98 silly currentTree │ ├── ieee754@1.1.8
98 silly currentTree │ ├── indexof@0.0.1
98 silly currentTree │ ├── inherits@2.0.1
98 silly currentTree │ ├── isarray@1.0.0
98 silly currentTree │ ├── miller-rabin@4.0.0
98 silly currentTree │ ├── minimalistic-assert@1.0.0
98 silly currentTree │ ├── os-browserify@0.2.1
98 silly currentTree │ ├── pako@0.2.9
98 silly currentTree │ ├── parse-asn1@5.0.0
98 silly currentTree │ ├── path-browserify@0.0.0
98 silly currentTree │ ├── pbkdf2@3.0.9
98 silly currentTree │ ├── process-nextick-args@1.0.7
98 silly currentTree │ ├── process@0.11.9
98 silly currentTree │ ├── public-encrypt@4.0.0
98 silly currentTree │ ├── punycode@1.4.1
98 silly currentTree │ ├── querystring-es3@0.2.1
98 silly currentTree │ ├── querystring@0.2.0
98 silly currentTree │ ├── randombytes@2.0.3
98 silly currentTree │ ├── readable-stream@2.2.1
98 silly currentTree │ ├── ripemd160@1.0.1
98 silly currentTree │ ├── sha.js@2.4.8
98 silly currentTree │ ├── stream-browserify@2.0.1
98 silly currentTree │ ├── string_decoder@0.10.31
98 silly currentTree │ ├── timers-browserify@1.4.2
98 silly currentTree │ ├── tty-browserify@0.0.0
98 silly currentTree │ ├─┬ url@0.11.0
98 silly currentTree │ │ └── punycode@1.3.2
98 silly currentTree │ ├── util-deprecate@1.0.2
98 silly currentTree │ ├── util@0.10.3
98 silly currentTree │ └── vm-browserify@0.0.4
98 silly currentTree ├── micromatch@2.3.11
98 silly currentTree ├── mime-db@1.26.0
98 silly currentTree ├── mime-types@2.1.14
98 silly currentTree ├── minimatch@3.0.3
98 silly currentTree ├── minimist@0.0.8
98 silly currentTree ├── mkdirp@0.5.1
98 silly currentTree ├── ms@0.7.1
98 silly currentTree ├── nan@2.5.1
98 silly currentTree ├── node-fetch@1.6.3
98 silly currentTree ├── node-libs-browser@0.7.0
98 silly currentTree ├── node-pre-gyp@0.6.32
98 silly currentTree ├── nopt@3.0.6
98 silly currentTree ├── normalize-path@2.0.1
98 silly currentTree ├── npmlog@4.0.2
98 silly currentTree ├── number-is-nan@1.0.1
98 silly currentTree ├── oauth-sign@0.8.2
98 silly currentTree ├── object-assign@4.1.1
98 silly currentTree ├── object.omit@2.0.1
98 silly currentTree ├── once@1.4.0
98 silly currentTree ├── optimist@0.6.1
98 silly currentTree ├── os-browserify@0.2.1
98 silly currentTree ├── pako@0.2.9
98 silly currentTree ├── parse-glob@3.0.4
98 silly currentTree ├── path-browserify@0.0.0
98 silly currentTree ├── path-is-absolute@1.0.1
98 silly currentTree ├── pbkdf2-compat@2.0.1
98 silly currentTree ├── pinkie-promise@2.0.1
98 silly currentTree ├── pinkie@2.0.4
98 silly currentTree ├── preserve@0.2.0
98 silly currentTree ├── process-nextick-args@1.0.7
98 silly currentTree ├── process@0.11.9
98 silly currentTree ├── promise@7.1.1
98 silly currentTree ├── prr@0.0.0
98 silly currentTree ├── punycode@1.4.1
98 silly currentTree ├── qs@6.3.0
98 silly currentTree ├── querystring-es3@0.2.1
98 silly currentTree ├── querystring@0.2.0
98 silly currentTree ├── randomatic@1.1.6
98 silly currentTree ├─┬ rc@1.1.6
98 silly currentTree │ └── minimist@1.2.0
98 silly currentTree ├── react-addons-pure-render-mixin@15.4.2
98 silly currentTree ├── react-dom@15.4.2
98 silly currentTree ├── react@15.4.2
98 silly currentTree ├── readable-stream@2.2.2
98 silly currentTree ├── readdirp@2.1.0
98 silly currentTree ├── regenerator-runtime@0.9.6
98 silly currentTree ├── regex-cache@0.4.3
98 silly currentTree ├── repeat-element@1.1.2
98 silly currentTree ├── repeat-string@1.6.1
98 silly currentTree ├── request@2.79.0
98 silly currentTree ├── right-align@0.1.3
98 silly currentTree ├── rimraf@2.5.4
98 silly currentTree ├── ripemd160@0.2.0
98 silly currentTree ├── semver@5.3.0
98 silly currentTree ├── set-blocking@2.0.0
98 silly currentTree ├── set-immediate-shim@1.0.1
98 silly currentTree ├── setimmediate@1.0.5
98 silly currentTree ├── sha.js@2.2.6
98 silly currentTree ├── signal-exit@3.0.2
98 silly currentTree ├── sntp@1.0.9
98 silly currentTree ├── source-list-map@0.1.8
98 silly currentTree ├── source-map@0.5.6
98 silly currentTree ├─┬ sshpk@1.10.2
98 silly currentTree │ └── assert-plus@1.0.0
98 silly currentTree ├── stream-browserify@2.0.1
98 silly currentTree ├── stream-http@2.6.3
98 silly currentTree ├── string_decoder@0.10.31
98 silly currentTree ├── string-width@1.0.2
98 silly currentTree ├── stringstream@0.0.5
98 silly currentTree ├── strip-ansi@3.0.1
98 silly currentTree ├── strip-json-comments@1.0.4
98 silly currentTree ├── supports-color@3.2.3
98 silly currentTree ├── tapable@0.1.10
98 silly currentTree ├─┬ tar-pack@3.3.0
98 silly currentTree │ ├── once@1.3.3
98 silly currentTree │ └── readable-stream@2.1.5
98 silly currentTree ├── tar@2.2.1
98 silly currentTree ├── timers-browserify@2.0.2
98 silly currentTree ├── to-arraybuffer@1.0.1
98 silly currentTree ├── tough-cookie@2.3.2
98 silly currentTree ├── tty-browserify@0.0.0
98 silly currentTree ├── tunnel-agent@0.4.3
98 silly currentTree ├── tweetnacl@0.14.5
98 silly currentTree ├── ua-parser-js@0.7.12
98 silly currentTree ├─┬ uglify-js@2.7.5
98 silly currentTree │ └── async@0.2.10
98 silly currentTree ├── uglify-to-browserify@1.0.2
98 silly currentTree ├── uid-number@0.0.6
98 silly currentTree ├─┬ url@0.11.0
98 silly currentTree │ └── punycode@1.3.2
98 silly currentTree ├── util-deprecate@1.0.2
98 silly currentTree ├─┬ util@0.10.3
98 silly currentTree │ └── inherits@2.0.1
98 silly currentTree ├── uuid@3.0.1
98 silly currentTree ├── verror@1.3.6
98 silly currentTree ├── vm-browserify@0.0.4
98 silly currentTree ├─┬ watchpack@0.2.9
98 silly currentTree │ └── async@0.9.2
98 silly currentTree ├─┬ webpack-core@0.6.9
98 silly currentTree │ └── source-map@0.4.4
98 silly currentTree ├── webpack@1.14.0
98 silly currentTree ├── whatwg-fetch@2.0.2
98 silly currentTree ├── wide-align@1.1.0
98 silly currentTree ├── window-size@0.1.0
98 silly currentTree ├── wordwrap@0.0.3
98 silly currentTree ├── wrappy@1.0.2
98 silly currentTree ├── xtend@4.0.1
98 silly currentTree └── yargs@3.10.0
99 silly idealTree Sheng-ji@
99 silly idealTree ├── abbrev@1.0.9
99 silly idealTree ├── acorn@3.3.0
99 silly idealTree ├── align-text@0.1.4
99 silly idealTree ├── amdefine@1.0.1
99 silly idealTree ├── ansi-regex@2.1.1
99 silly idealTree ├── ansi-styles@2.2.1
99 silly idealTree ├── anymatch@1.3.0
99 silly idealTree ├── aproba@1.0.4
99 silly idealTree ├── are-we-there-yet@1.1.2
99 silly idealTree ├── arr-diff@2.0.0
99 silly idealTree ├── arr-flatten@1.0.1
99 silly idealTree ├── array-unique@0.2.1
99 silly idealTree ├── arrify@1.0.1
99 silly idealTree ├── asap@2.0.5
99 silly idealTree ├── asn1@0.2.3
99 silly idealTree ├── assert-plus@0.2.0
99 silly idealTree ├── assert@1.4.1
99 silly idealTree ├── async-each@1.0.1
99 silly idealTree ├── async@1.5.2
99 silly idealTree ├── asynckit@0.4.0
99 silly idealTree ├── aws-sign2@0.6.0
99 silly idealTree ├── aws4@1.5.0
99 silly idealTree ├── babel-runtime@6.18.0
99 silly idealTree ├── balanced-match@0.4.2
99 silly idealTree ├── base64-js@1.2.0
99 silly idealTree ├── bcrypt-pbkdf@1.0.0
99 silly idealTree ├─┬ bcrypt@1.0.2
99 silly idealTree │ └── nan@2.5.0
99 silly idealTree ├── big.js@3.1.3
99 silly idealTree ├── binary-extensions@1.8.0
99 silly idealTree ├── bindings@1.2.1
99 silly idealTree ├── block-stream@0.0.9
99 silly idealTree ├── boom@2.10.1
99 silly idealTree ├── brace-expansion@1.1.6
99 silly idealTree ├── braces@1.8.5
99 silly idealTree ├── browserify-aes@0.4.0
99 silly idealTree ├── browserify-zlib@0.1.4
99 silly idealTree ├── buffer-shims@1.0.0
99 silly idealTree ├── buffer@4.9.1
99 silly idealTree ├── builtin-status-codes@3.0.0
99 silly idealTree ├── camelcase@1.2.1
99 silly idealTree ├── caseless@0.11.0
99 silly idealTree ├── center-align@0.1.3
99 silly idealTree ├─┬ chalk@1.1.3
99 silly idealTree │ └── supports-color@2.0.0
99 silly idealTree ├── chokidar@1.6.1
99 silly idealTree ├─┬ cliui@2.1.0
99 silly idealTree │ └── wordwrap@0.0.2
99 silly idealTree ├── clone@1.0.2
99 silly idealTree ├── code-point-at@1.1.0
99 silly idealTree ├── combined-stream@1.0.5
99 silly idealTree ├── commander@2.9.0
99 silly idealTree ├── concat-map@0.0.1
99 silly idealTree ├── console-browserify@1.1.0
99 silly idealTree ├── console-control-strings@1.1.0
99 silly idealTree ├── constants-browserify@1.0.0
99 silly idealTree ├── core-js@2.4.1
99 silly idealTree ├── core-util-is@1.0.2
99 silly idealTree ├── cryptiles@2.0.5
99 silly idealTree ├── crypto-browserify@3.3.0
99 silly idealTree ├─┬ dashdash@1.14.1
99 silly idealTree │ └── assert-plus@1.0.0
99 silly idealTree ├── date-now@0.1.4
99 silly idealTree ├── debug@2.2.0
99 silly idealTree ├── decamelize@1.2.0
99 silly idealTree ├── deep-extend@0.4.1
99 silly idealTree ├── delayed-stream@1.0.0
99 silly idealTree ├── delegates@1.0.0
99 silly idealTree ├── domain-browser@1.1.7
99 silly idealTree ├── ecc-jsbn@0.1.1
99 silly idealTree ├── emojis-list@2.1.0
99 silly idealTree ├── encoding@0.1.12
99 silly idealTree ├─┬ enhanced-resolve@0.9.1
99 silly idealTree │ └── memory-fs@0.2.0
99 silly idealTree ├── errno@0.1.4
99 silly idealTree ├── escape-string-regexp@1.0.5
99 silly idealTree ├── events@1.1.1
99 silly idealTree ├── expand-brackets@0.1.5
99 silly idealTree ├── expand-range@1.8.2
99 silly idealTree ├── extend@3.0.0
99 silly idealTree ├── extglob@0.3.2
99 silly idealTree ├── extsprintf@1.0.2
99 silly idealTree ├─┬ fbjs@0.8.8
99 silly idealTree │ └── core-js@1.2.7
99 silly idealTree ├── filename-regex@2.0.0
99 silly idealTree ├── fill-range@2.2.3
99 silly idealTree ├── for-in@0.1.6
99 silly idealTree ├── for-own@0.1.4
99 silly idealTree ├── forever-agent@0.6.1
99 silly idealTree ├── form-data@2.1.2
99 silly idealTree ├── fs.realpath@1.0.0
99 silly idealTree ├─┬ fsevents@1.0.17
99 silly idealTree │ ├── abbrev@1.0.9
99 silly idealTree │ ├── ansi-regex@2.0.0
99 silly idealTree │ ├── ansi-styles@2.2.1
99 silly idealTree │ ├── aproba@1.0.4
99 silly idealTree │ ├── are-we-there-yet@1.1.2
99 silly idealTree │ ├── asn1@0.2.3
99 silly idealTree │ ├── assert-plus@0.2.0
99 silly idealTree │ ├── asynckit@0.4.0
99 silly idealTree │ ├── aws-sign2@0.6.0
99 silly idealTree │ ├── aws4@1.5.0
99 silly idealTree │ ├── balanced-match@0.4.2
99 silly idealTree │ ├── bcrypt-pbkdf@1.0.0
99 silly idealTree │ ├── block-stream@0.0.9
99 silly idealTree │ ├── boom@2.10.1
99 silly idealTree │ ├── brace-expansion@1.1.6
99 silly idealTree │ ├── buffer-shims@1.0.0
99 silly idealTree │ ├── caseless@0.11.0
99 silly idealTree │ ├─┬ chalk@1.1.3
99 silly idealTree │ │ └── supports-color@2.0.0
99 silly idealTree │ ├── code-point-at@1.1.0
99 silly idealTree │ ├── combined-stream@1.0.5
99 silly idealTree │ ├── commander@2.9.0
99 silly idealTree │ ├── concat-map@0.0.1
99 silly idealTree │ ├── console-control-strings@1.1.0
99 silly idealTree │ ├── core-util-is@1.0.2
99 silly idealTree │ ├── cryptiles@2.0.5
99 silly idealTree │ ├─┬ dashdash@1.14.1
99 silly idealTree │ │ └── assert-plus@1.0.0
99 silly idealTree │ ├── debug@2.2.0
99 silly idealTree │ ├── deep-extend@0.4.1
99 silly idealTree │ ├── delayed-stream@1.0.0
99 silly idealTree │ ├── delegates@1.0.0
99 silly idealTree │ ├── ecc-jsbn@0.1.1
99 silly idealTree │ ├── escape-string-regexp@1.0.5
99 silly idealTree │ ├── extend@3.0.0
99 silly idealTree │ ├── extsprintf@1.0.2
99 silly idealTree │ ├── forever-agent@0.6.1
99 silly idealTree │ ├── form-data@2.1.2
99 silly idealTree │ ├── fs.realpath@1.0.0
99 silly idealTree │ ├── fstream-ignore@1.0.5
99 silly idealTree │ ├── fstream@1.0.10
99 silly idealTree │ ├── gauge@2.7.2
99 silly idealTree │ ├── generate-function@2.0.0
99 silly idealTree │ ├── generate-object-property@1.2.0
99 silly idealTree │ ├─┬ getpass@0.1.6
99 silly idealTree │ │ └── assert-plus@1.0.0
99 silly idealTree │ ├── glob@7.1.1
99 silly idealTree │ ├── graceful-fs@4.1.11
99 silly idealTree │ ├── graceful-readlink@1.0.1
99 silly idealTree │ ├── har-validator@2.0.6
99 silly idealTree │ ├── has-ansi@2.0.0
99 silly idealTree │ ├── has-unicode@2.0.1
99 silly idealTree │ ├── hawk@3.1.3
99 silly idealTree │ ├── hoek@2.16.3
99 silly idealTree │ ├── http-signature@1.1.1
99 silly idealTree │ ├── inflight@1.0.6
99 silly idealTree │ ├── inherits@2.0.3
99 silly idealTree │ ├── ini@1.3.4
99 silly idealTree │ ├── is-fullwidth-code-point@1.0.0
99 silly idealTree │ ├── is-my-json-valid@2.15.0
99 silly idealTree │ ├── is-property@1.0.2
99 silly idealTree │ ├── is-typedarray@1.0.0
99 silly idealTree │ ├── isarray@1.0.0
99 silly idealTree │ ├── isstream@0.1.2
99 silly idealTree │ ├── jodid25519@1.0.2
99 silly idealTree │ ├── jsbn@0.1.0
99 silly idealTree │ ├── json-schema@0.2.3
99 silly idealTree │ ├── json-stringify-safe@5.0.1
99 silly idealTree │ ├── jsonpointer@4.0.1
99 silly idealTree │ ├── jsprim@1.3.1
99 silly idealTree │ ├── mime-db@1.25.0
99 silly idealTree │ ├── mime-types@2.1.13
99 silly idealTree │ ├── minimatch@3.0.3
99 silly idealTree │ ├── minimist@0.0.8
99 silly idealTree │ ├── mkdirp@0.5.1
99 silly idealTree │ ├── ms@0.7.1
99 silly idealTree │ ├── node-pre-gyp@0.6.32
99 silly idealTree │ ├── nopt@3.0.6
99 silly idealTree │ ├── npmlog@4.0.2
99 silly idealTree │ ├── number-is-nan@1.0.1
99 silly idealTree │ ├── oauth-sign@0.8.2
99 silly idealTree │ ├── object-assign@4.1.0
99 silly idealTree │ ├── once@1.4.0
99 silly idealTree │ ├── path-is-absolute@1.0.1
99 silly idealTree │ ├── pinkie-promise@2.0.1
99 silly idealTree │ ├── pinkie@2.0.4
99 silly idealTree │ ├── process-nextick-args@1.0.7
99 silly idealTree │ ├── punycode@1.4.1
99 silly idealTree │ ├── qs@6.3.0
99 silly idealTree │ ├─┬ rc@1.1.6
99 silly idealTree │ │ └── minimist@1.2.0
99 silly idealTree │ ├── readable-stream@2.2.2
99 silly idealTree │ ├── request@2.79.0
99 silly idealTree │ ├── rimraf@2.5.4
99 silly idealTree │ ├── semver@5.3.0
99 silly idealTree │ ├── set-blocking@2.0.0
99 silly idealTree │ ├── signal-exit@3.0.2
99 silly idealTree │ ├── sntp@1.0.9
99 silly idealTree │ ├─┬ sshpk@1.10.1
99 silly idealTree │ │ └── assert-plus@1.0.0
99 silly idealTree │ ├── string_decoder@0.10.31
99 silly idealTree │ ├── string-width@1.0.2
99 silly idealTree │ ├── stringstream@0.0.5
99 silly idealTree │ ├── strip-ansi@3.0.1
99 silly idealTree │ ├── strip-json-comments@1.0.4
99 silly idealTree │ ├── supports-color@0.2.0
99 silly idealTree │ ├─┬ tar-pack@3.3.0
99 silly idealTree │ │ ├── once@1.3.3
99 silly idealTree │ │ └── readable-stream@2.1.5
99 silly idealTree │ ├── tar@2.2.1
99 silly idealTree │ ├── tough-cookie@2.3.2
99 silly idealTree │ ├── tunnel-agent@0.4.3
99 silly idealTree │ ├── tweetnacl@0.14.5
99 silly idealTree │ ├── uid-number@0.0.6
99 silly idealTree │ ├── util-deprecate@1.0.2
99 silly idealTree │ ├── uuid@3.0.1
99 silly idealTree │ ├── verror@1.3.6
99 silly idealTree │ ├── wide-align@1.1.0
99 silly idealTree │ ├── wrappy@1.0.2
99 silly idealTree │ └── xtend@4.0.1
99 silly idealTree ├── fstream-ignore@1.0.5
99 silly idealTree ├── fstream@1.0.10
99 silly idealTree ├─┬ gauge@2.7.2
99 silly idealTree │ └── supports-color@0.2.0
99 silly idealTree ├── generate-function@2.0.0
99 silly idealTree ├── generate-object-property@1.2.0
99 silly idealTree ├─┬ getpass@0.1.6
99 silly idealTree │ └── assert-plus@1.0.0
99 silly idealTree ├── glob-base@0.3.0
99 silly idealTree ├── glob-parent@2.0.0
99 silly idealTree ├── glob@7.1.1
99 silly idealTree ├── graceful-fs@4.1.11
99 silly idealTree ├── graceful-readlink@1.0.1
99 silly idealTree ├── har-validator@2.0.6
99 silly idealTree ├── has-ansi@2.0.0
99 silly idealTree ├── has-flag@1.0.0
99 silly idealTree ├── has-unicode@2.0.1
99 silly idealTree ├── hawk@3.1.3
99 silly idealTree ├── hoek@2.16.3
99 silly idealTree ├── http-signature@1.1.1
99 silly idealTree ├── https-browserify@0.0.1
99 silly idealTree ├── iconv-lite@0.4.15
99 silly idealTree ├── ieee754@1.1.8
99 silly idealTree ├── indexof@0.0.1
99 silly idealTree ├── inflight@1.0.6
99 silly idealTree ├── inherits@2.0.3
99 silly idealTree ├── ini@1.3.4
99 silly idealTree ├── interpret@0.6.6
99 silly idealTree ├── is-binary-path@1.0.1
99 silly idealTree ├── is-buffer@1.1.4
99 silly idealTree ├── is-dotfile@1.0.2
99 silly idealTree ├── is-equal-shallow@0.1.3
99 silly idealTree ├── is-extendable@0.1.1
99 silly idealTree ├── is-extglob@1.0.0
99 silly idealTree ├── is-fullwidth-code-point@1.0.0
99 silly idealTree ├── is-glob@2.0.1
99 silly idealTree ├── is-my-json-valid@2.15.0
99 silly idealTree ├── is-number@2.1.0
99 silly idealTree ├── is-posix-bracket@0.1.1
99 silly idealTree ├── is-primitive@2.0.0
99 silly idealTree ├── is-property@1.0.2
99 silly idealTree ├── is-stream@1.1.0
99 silly idealTree ├── is-typedarray@1.0.0
99 silly idealTree ├── isarray@1.0.0
99 silly idealTree ├── isobject@2.1.0
99 silly idealTree ├── isomorphic-fetch@2.2.1
99 silly idealTree ├── isstream@0.1.2
99 silly idealTree ├── jodid25519@1.0.2
99 silly idealTree ├── js-tokens@3.0.0
99 silly idealTree ├── jsbn@0.1.0
99 silly idealTree ├── json-schema@0.2.3
99 silly idealTree ├── json-stringify-safe@5.0.1
99 silly idealTree ├── json5@0.5.1
99 silly idealTree ├── jsonpointer@4.0.1
99 silly idealTree ├── jsprim@1.3.1
99 silly idealTree ├── kind-of@3.1.0
99 silly idealTree ├── lazy-cache@1.0.4
99 silly idealTree ├── loader-utils@0.2.16
99 silly idealTree ├── longest@1.0.1
99 silly idealTree ├── loose-envify@1.3.1
99 silly idealTree ├── memory-fs@0.3.0
99 silly idealTree ├─┬ meteor-node-stubs@0.2.5
99 silly idealTree │ ├── asn1.js@4.9.0
99 silly idealTree │ ├── assert@1.4.1
99 silly idealTree │ ├── base64-js@1.2.0
99 silly idealTree │ ├── Base64@0.2.1
99 silly idealTree │ ├── bn.js@4.11.6
99 silly idealTree │ ├── brorand@1.0.6
99 silly idealTree │ ├── browserify-aes@1.0.6
99 silly idealTree │ ├── browserify-cipher@1.0.0
99 silly idealTree │ ├── browserify-des@1.0.0
99 silly idealTree │ ├── browserify-rsa@4.0.1
99 silly idealTree │ ├── browserify-sign@4.0.0
99 silly idealTree │ ├── browserify-zlib@0.1.4
99 silly idealTree │ ├── buffer-shims@1.0.0
99 silly idealTree │ ├── buffer-xor@1.0.3
99 silly idealTree │ ├── buffer@4.9.1
99 silly idealTree │ ├── cipher-base@1.0.3
99 silly idealTree │ ├── console-browserify@1.1.0
99 silly idealTree │ ├── constants-browserify@1.0.0
99 silly idealTree │ ├── core-util-is@1.0.2
99 silly idealTree │ ├── create-ecdh@4.0.0
99 silly idealTree │ ├── create-hash@1.1.2
99 silly idealTree │ ├── create-hmac@1.1.4
99 silly idealTree │ ├── crypto-browserify@3.11.0
99 silly idealTree │ ├── date-now@0.1.4
99 silly idealTree │ ├── des.js@1.0.0
99 silly idealTree │ ├── diffie-hellman@5.0.2
99 silly idealTree │ ├── domain-browser@1.1.7
99 silly idealTree │ ├── elliptic@6.3.2
99 silly idealTree │ ├── events@1.1.1
99 silly idealTree │ ├── evp_bytestokey@1.0.0
99 silly idealTree │ ├── hash.js@1.0.3
99 silly idealTree │ ├── http-browserify@1.7.0
99 silly idealTree │ ├── https-browserify@0.0.1
99 silly idealTree │ ├── ieee754@1.1.8
99 silly idealTree │ ├── indexof@0.0.1
99 silly idealTree │ ├── inherits@2.0.1
99 silly idealTree │ ├── isarray@1.0.0
99 silly idealTree │ ├── miller-rabin@4.0.0
99 silly idealTree │ ├── minimalistic-assert@1.0.0
99 silly idealTree │ ├── os-browserify@0.2.1
99 silly idealTree │ ├── pako@0.2.9
99 silly idealTree │ ├── parse-asn1@5.0.0
99 silly idealTree │ ├── path-browserify@0.0.0
99 silly idealTree │ ├── pbkdf2@3.0.9
99 silly idealTree │ ├── process-nextick-args@1.0.7
99 silly idealTree │ ├── process@0.11.9
99 silly idealTree │ ├── public-encrypt@4.0.0
99 silly idealTree │ ├── punycode@1.4.1
99 silly idealTree │ ├── querystring-es3@0.2.1
99 silly idealTree │ ├── querystring@0.2.0
99 silly idealTree │ ├── randombytes@2.0.3
99 silly idealTree │ ├── readable-stream@2.2.1
99 silly idealTree │ ├── ripemd160@1.0.1
99 silly idealTree │ ├── sha.js@2.4.8
99 silly idealTree │ ├── stream-browserify@2.0.1
99 silly idealTree │ ├── string_decoder@0.10.31
99 silly idealTree │ ├── timers-browserify@1.4.2
99 silly idealTree │ ├── tty-browserify@0.0.0
99 silly idealTree │ ├─┬ url@0.11.0
99 silly idealTree │ │ └── punycode@1.3.2
99 silly idealTree │ ├── util-deprecate@1.0.2
99 silly idealTree │ ├── util@0.10.3
99 silly idealTree │ └── vm-browserify@0.0.4
99 silly idealTree ├── micromatch@2.3.11
99 silly idealTree ├── mime-db@1.26.0
99 silly idealTree ├── mime-types@2.1.14
99 silly idealTree ├── minimatch@3.0.3
99 silly idealTree ├── minimist@0.0.8
99 silly idealTree ├── mkdirp@0.5.1
99 silly idealTree ├── ms@0.7.1
99 silly idealTree ├── nan@2.5.1
99 silly idealTree ├── node-fetch@1.6.3
99 silly idealTree ├── node-libs-browser@0.7.0
99 silly idealTree ├── node-pre-gyp@0.6.32
99 silly idealTree ├── nopt@3.0.6
99 silly idealTree ├── normalize-path@2.0.1
99 silly idealTree ├── npmlog@4.0.2
99 silly idealTree ├── number-is-nan@1.0.1
99 silly idealTree ├── oauth-sign@0.8.2
99 silly idealTree ├── object-assign@4.1.1
99 silly idealTree ├── object.omit@2.0.1
99 silly idealTree ├── once@1.4.0
99 silly idealTree ├── optimist@0.6.1
99 silly idealTree ├── os-browserify@0.2.1
99 silly idealTree ├── pako@0.2.9
99 silly idealTree ├── parse-glob@3.0.4
99 silly idealTree ├── path-browserify@0.0.0
99 silly idealTree ├── path-is-absolute@1.0.1
99 silly idealTree ├── pbkdf2-compat@2.0.1
99 silly idealTree ├── pinkie-promise@2.0.1
99 silly idealTree ├── pinkie@2.0.4
99 silly idealTree ├── preserve@0.2.0
99 silly idealTree ├── process-nextick-args@1.0.7
99 silly idealTree ├── process@0.11.9
99 silly idealTree ├── promise@7.1.1
99 silly idealTree ├── prr@0.0.0
99 silly idealTree ├── punycode@1.4.1
99 silly idealTree ├── qs@6.3.0
99 silly idealTree ├── querystring-es3@0.2.1
99 silly idealTree ├── querystring@0.2.0
99 silly idealTree ├── randomatic@1.1.6
99 silly idealTree ├─┬ rc@1.1.6
99 silly idealTree │ └── minimist@1.2.0
99 silly idealTree ├── react-addons-pure-render-mixin@15.4.2
99 silly idealTree ├── react-dom@15.4.2
99 silly idealTree ├── react@15.4.2
99 silly idealTree ├── readable-stream@2.2.2
99 silly idealTree ├── readdirp@2.1.0
99 silly idealTree ├── regenerator-runtime@0.9.6
99 silly idealTree ├── regex-cache@0.4.3
99 silly idealTree ├── repeat-element@1.1.2
99 silly idealTree ├── repeat-string@1.6.1
99 silly idealTree ├── request@2.79.0
99 silly idealTree ├── right-align@0.1.3
99 silly idealTree ├── rimraf@2.5.4
99 silly idealTree ├── ripemd160@0.2.0
99 silly idealTree ├── semver@5.3.0
99 silly idealTree ├── set-blocking@2.0.0
99 silly idealTree ├── set-immediate-shim@1.0.1
99 silly idealTree ├── setimmediate@1.0.5
99 silly idealTree ├── sha.js@2.2.6
99 silly idealTree ├── signal-exit@3.0.2
99 silly idealTree ├── sntp@1.0.9
99 silly idealTree ├── source-list-map@0.1.8
99 silly idealTree ├── source-map@0.5.6
99 silly idealTree ├─┬ sshpk@1.10.2
99 silly idealTree │ └── assert-plus@1.0.0
99 silly idealTree ├── stream-browserify@2.0.1
99 silly idealTree ├── stream-http@2.6.3
99 silly idealTree ├── string_decoder@0.10.31
99 silly idealTree ├── string-width@1.0.2
99 silly idealTree ├── stringstream@0.0.5
99 silly idealTree ├── strip-ansi@3.0.1
99 silly idealTree ├── strip-json-comments@1.0.4
99 silly idealTree ├── supports-color@3.2.3
99 silly idealTree ├── tapable@0.1.10
99 silly idealTree ├─┬ tar-pack@3.3.0
99 silly idealTree │ ├── once@1.3.3
99 silly idealTree │ └── readable-stream@2.1.5
99 silly idealTree ├── tar@2.2.1
99 silly idealTree ├── timers-browserify@2.0.2
99 silly idealTree ├── to-arraybuffer@1.0.1
99 silly idealTree ├── tough-cookie@2.3.2
99 silly idealTree ├── tty-browserify@0.0.0
99 silly idealTree ├── tunnel-agent@0.4.3
99 silly idealTree ├── tweetnacl@0.14.5
99 silly idealTree ├── ua-parser-js@0.7.12
99 silly idealTree ├─┬ uglify-js@2.7.5
99 silly idealTree │ └── async@0.2.10
99 silly idealTree ├── uglify-to-browserify@1.0.2
99 silly idealTree ├── uid-number@0.0.6
99 silly idealTree ├─┬ url@0.11.0
99 silly idealTree │ └── punycode@1.3.2
99 silly idealTree ├── util-deprecate@1.0.2
99 silly idealTree ├─┬ util@0.10.3
99 silly idealTree │ └── inherits@2.0.1
99 silly idealTree ├── uuid@3.0.1
99 silly idealTree ├── verror@1.3.6
99 silly idealTree ├── vm-browserify@0.0.4
99 silly idealTree ├─┬ watchpack@0.2.9
99 silly idealTree │ └── async@0.9.2
99 silly idealTree ├─┬ webpack-core@0.6.9
99 silly idealTree │ └── source-map@0.4.4
99 silly idealTree ├── webpack@1.14.0
99 silly idealTree ├── whatwg-fetch@2.0.2
99 silly idealTree ├── wide-align@1.1.0
99 silly idealTree ├── window-size@0.1.0
99 silly idealTree ├── wordwrap@0.0.3
99 silly idealTree ├── wrappy@1.0.2
99 silly idealTree ├── xtend@4.0.1
99 silly idealTree └── yargs@3.10.0
100 silly generateActionsToTake Starting
101 silly install generateActionsToTake
102 silly generateActionsToTake Finishing
103 silly diffTrees action count 2
104 silly diffTrees add nan@2.5.0
105 silly diffTrees add bcrypt@1.0.2
106 silly decomposeActions action count 16
107 silly decomposeActions fetch nan@2.5.0
108 silly decomposeActions extract nan@2.5.0
109 silly decomposeActions test nan@2.5.0
110 silly decomposeActions preinstall nan@2.5.0
111 silly decomposeActions build nan@2.5.0
112 silly decomposeActions install nan@2.5.0
113 silly decomposeActions postinstall nan@2.5.0
114 silly decomposeActions finalize nan@2.5.0
115 silly decomposeActions fetch bcrypt@1.0.2
116 silly decomposeActions extract bcrypt@1.0.2
117 silly decomposeActions test bcrypt@1.0.2
118 silly decomposeActions preinstall bcrypt@1.0.2
119 silly decomposeActions build bcrypt@1.0.2
120 silly decomposeActions install bcrypt@1.0.2
121 silly decomposeActions postinstall bcrypt@1.0.2
122 silly decomposeActions finalize bcrypt@1.0.2
123 silly runTopLevelLifecycles Starting
124 silly executeActions Starting
125 silly install executeActions
126 silly doSerial global-install 0
127 silly doParallel fetch 2
128 verbose correctMkdir /Users/jasonkim/.meteor/packages/meteor-tool/.1.4.2_3.1rd9djy++os.osx.x86_64+web.browser+web.cordova/mt-os.osx.x86_64/dev_bundle/.npm/_locks correctMkdir not in flight; initializing
129 verbose lock using /Users/jasonkim/.meteor/packages/meteor-tool/.1.4.2_3.1rd9djy++os.osx.x86_64+web.browser+web.cordova/mt-os.osx.x86_64/dev_bundle/.npm/_locks/staging-23969be9332ce265.lock for /Users/jasonkim/Sheng-ji/node_modules/.staging
130 silly doParallel extract 2
131 silly extract nan@2.5.0
132 silly extract bcrypt@1.0.2
133 verbose unbuild node_modules/.staging/nan-8f9d88c2
134 verbose unbuild node_modules/.staging/bcrypt-fd9e637c
135 silly gentlyRm /Users/jasonkim/Sheng-ji/node_modules/.staging/nan-8f9d88c2 is being purged from base /Users/jasonkim/Sheng-ji
136 verbose gentlyRm don't care about contents; nuking /Users/jasonkim/Sheng-ji/node_modules/.staging/nan-8f9d88c2
137 silly gentlyRm /Users/jasonkim/Sheng-ji/node_modules/.staging/bcrypt-fd9e637c is being purged from base /Users/jasonkim/Sheng-ji
138 verbose gentlyRm don't care about contents; nuking /Users/jasonkim/Sheng-ji/node_modules/.staging/bcrypt-fd9e637c
139 verbose tar unpack /Users/jasonkim/.meteor/packages/meteor-tool/.1.4.2_3.1rd9djy++os.osx.x86_64+web.browser+web.cordova/mt-os.osx.x86_64/dev_bundle/.npm/nan/2.5.0/package.tgz
140 verbose tar unpacking to /Users/jasonkim/Sheng-ji/node_modules/.staging/nan-8f9d88c2
141 silly gentlyRm /Users/jasonkim/Sheng-ji/node_modules/.staging/nan-8f9d88c2 is being purged
142 verbose gentlyRm don't care about contents; nuking /Users/jasonkim/Sheng-ji/node_modules/.staging/nan-8f9d88c2
143 verbose tar unpack /Users/jasonkim/.meteor/packages/meteor-tool/.1.4.2_3.1rd9djy++os.osx.x86_64+web.browser+web.cordova/mt-os.osx.x86_64/dev_bundle/.npm/bcrypt/1.0.2/package.tgz
144 verbose tar unpacking to /Users/jasonkim/Sheng-ji/node_modules/.staging/bcrypt-fd9e637c
145 silly gentlyRm /Users/jasonkim/Sheng-ji/node_modules/.staging/bcrypt-fd9e637c is being purged
146 verbose gentlyRm don't care about contents; nuking /Users/jasonkim/Sheng-ji/node_modules/.staging/bcrypt-fd9e637c
147 silly gunzTarPerm modes [ '755', '644' ]
148 silly gunzTarPerm modes [ '755', '644' ]
149 silly gunzTarPerm extractEntry package.json
150 silly gunzTarPerm modified mode [ 'package.json', 436, 420 ]
151 silly gunzTarPerm extractEntry package.json
152 silly gunzTarPerm extractEntry README.md
153 silly gunzTarPerm modified mode [ 'README.md', 436, 420 ]
154 silly gunzTarPerm extractEntry .npmignore
155 silly gunzTarPerm extractEntry README.md
156 silly gunzTarPerm extractEntry include_dirs.js
157 silly gunzTarPerm modified mode [ 'include_dirs.js', 436, 420 ]
158 silly gunzTarPerm extractEntry nan_converters.h
159 silly gunzTarPerm modified mode [ 'nan_converters.h', 436, 420 ]
160 silly gunzTarPerm extractEntry CHANGELOG.md
161 silly gunzTarPerm modified mode [ 'CHANGELOG.md', 436, 420 ]
162 silly gunzTarPerm extractEntry LICENSE.md
163 silly gunzTarPerm modified mode [ 'LICENSE.md', 436, 420 ]
164 silly gunzTarPerm extractEntry LICENSE
165 silly gunzTarPerm extractEntry doc/node_misc.md
166 silly gunzTarPerm modified mode [ 'doc/node_misc.md', 436, 420 ]
167 silly gunzTarPerm extractEntry bcrypt.js
168 silly gunzTarPerm extractEntry Makefile
169 silly gunzTarPerm extractEntry doc/asyncworker.md
170 silly gunzTarPerm modified mode [ 'doc/asyncworker.md', 436, 420 ]
171 silly gunzTarPerm extractEntry doc/callback.md
172 silly gunzTarPerm modified mode [ 'doc/callback.md', 436, 420 ]
173 silly gunzTarPerm extractEntry .travis.yml
174 silly gunzTarPerm extractEntry appveyor.yml
175 silly gunzTarPerm extractEntry doc/converters.md
176 silly gunzTarPerm modified mode [ 'doc/converters.md', 436, 420 ]
177 silly gunzTarPerm extractEntry doc/errors.md
178 silly gunzTarPerm modified mode [ 'doc/errors.md', 436, 420 ]
179 silly gunzTarPerm extractEntry doc/maybe_types.md
180 silly gunzTarPerm modified mode [ 'doc/maybe_types.md', 436, 420 ]
181 silly gunzTarPerm extractEntry doc/methods.md
182 silly gunzTarPerm modified mode [ 'doc/methods.md', 436, 420 ]
183 silly gunzTarPerm extractEntry doc/new.md
184 silly gunzTarPerm modified mode [ 'doc/new.md', 436, 420 ]
185 silly gunzTarPerm extractEntry CHANGELOG.md
186 silly gunzTarPerm extractEntry binding.gyp
187 silly gunzTarPerm extractEntry examples/async_compare.js
188 silly gunzTarPerm extractEntry examples/forever_gen_salt.js
189 silly gunzTarPerm extractEntry doc/buffers.md
190 silly gunzTarPerm modified mode [ 'doc/buffers.md', 436, 420 ]
191 silly gunzTarPerm extractEntry doc/object_wrappers.md
192 silly gunzTarPerm modified mode [ 'doc/object_wrappers.md', 436, 420 ]
193 silly gunzTarPerm extractEntry lib/promises.js
194 silly gunzTarPerm extractEntry test/async.js
195 silly gunzTarPerm extractEntry doc/persistent.md
196 silly gunzTarPerm modified mode [ 'doc/persistent.md', 436, 420 ]
197 silly gunzTarPerm extractEntry doc/scopes.md
198 silly gunzTarPerm modified mode [ 'doc/scopes.md', 436, 420 ]
199 silly gunzTarPerm extractEntry test/promise.js
200 silly gunzTarPerm extractEntry test/repetitions.js
201 silly gunzTarPerm extractEntry doc/script.md
202 silly gunzTarPerm modified mode [ 'doc/script.md', 436, 420 ]
203 silly gunzTarPerm extractEntry doc/string_bytes.md
204 silly gunzTarPerm modified mode [ 'doc/string_bytes.md', 436, 420 ]
205 silly gunzTarPerm extractEntry test/sync.js
206 silly gunzTarPerm extractEntry ISSUE_TEMPLATE.md
207 silly gunzTarPerm extractEntry doc/v8_internals.md
208 silly gunzTarPerm modified mode [ 'doc/v8_internals.md', 436, 420 ]
209 silly gunzTarPerm extractEntry doc/v8_misc.md
210 silly gunzTarPerm modified mode [ 'doc/v8_misc.md', 436, 420 ]
211 silly gunzTarPerm extractEntry src/bcrypt.cc
212 silly gunzTarPerm extractEntry src/bcrypt_node.cc
213 silly gunzTarPerm extractEntry nan.h
214 silly gunzTarPerm modified mode [ 'nan.h', 436, 420 ]
215 silly gunzTarPerm extractEntry nan_callbacks.h
216 silly gunzTarPerm modified mode [ 'nan_callbacks.h', 436, 420 ]
217 silly gunzTarPerm extractEntry src/blowfish.cc
218 silly gunzTarPerm extractEntry src/node_blf.h
219 silly gunzTarPerm extractEntry nan_callbacks_12_inl.h
220 silly gunzTarPerm modified mode [ 'nan_callbacks_12_inl.h', 436, 420 ]
221 silly gunzTarPerm extractEntry nan_callbacks_pre_12_inl.h
222 silly gunzTarPerm modified mode [ 'nan_callbacks_pre_12_inl.h', 436, 420 ]
223 silly gunzTarPerm extractEntry werker.yml
224 silly gunzTarPerm extractEntry nan_converters_43_inl.h
225 silly gunzTarPerm modified mode [ 'nan_converters_43_inl.h', 436, 420 ]
226 silly gunzTarPerm extractEntry nan_converters_pre_43_inl.h
227 silly gunzTarPerm modified mode [ 'nan_converters_pre_43_inl.h', 436, 420 ]
228 silly gunzTarPerm extractEntry nan_implementation_12_inl.h
229 silly gunzTarPerm modified mode [ 'nan_implementation_12_inl.h', 436, 420 ]
230 silly gunzTarPerm extractEntry nan_implementation_pre_12_inl.h
231 silly gunzTarPerm modified mode [ 'nan_implementation_pre_12_inl.h', 436, 420 ]
232 silly gunzTarPerm extractEntry nan_maybe_43_inl.h
233 silly gunzTarPerm modified mode [ 'nan_maybe_43_inl.h', 436, 420 ]
234 silly gunzTarPerm extractEntry nan_maybe_pre_43_inl.h
235 silly gunzTarPerm modified mode [ 'nan_maybe_pre_43_inl.h', 436, 420 ]
236 silly gunzTarPerm extractEntry nan_new.h
237 silly gunzTarPerm modified mode [ 'nan_new.h', 436, 420 ]
238 silly gunzTarPerm extractEntry nan_object_wrap.h
239 silly gunzTarPerm modified mode [ 'nan_object_wrap.h', 436, 420 ]
240 silly gunzTarPerm extractEntry nan_persistent_12_inl.h
241 silly gunzTarPerm modified mode [ 'nan_persistent_12_inl.h', 436, 420 ]
242 silly gunzTarPerm extractEntry nan_persistent_pre_12_inl.h
243 silly gunzTarPerm modified mode [ 'nan_persistent_pre_12_inl.h', 436, 420 ]
244 silly gunzTarPerm extractEntry nan_private.h
245 silly gunzTarPerm modified mode [ 'nan_private.h', 436, 420 ]
246 silly gunzTarPerm extractEntry nan_string_bytes.h
247 silly gunzTarPerm modified mode [ 'nan_string_bytes.h', 436, 420 ]
248 silly gunzTarPerm extractEntry nan_typedarray_contents.h
249 silly gunzTarPerm modified mode [ 'nan_typedarray_contents.h', 436, 420 ]
250 silly gunzTarPerm extractEntry nan_weak.h
251 silly gunzTarPerm modified mode [ 'nan_weak.h', 436, 420 ]
252 silly gunzTarPerm extractEntry tools/package.json
253 silly gunzTarPerm modified mode [ 'tools/package.json', 436, 420 ]
254 silly gunzTarPerm extractEntry tools/README.md
255 silly gunzTarPerm modified mode [ 'tools/README.md', 436, 420 ]
256 silly gunzTarPerm extractEntry tools/1to2.js
257 silly gunzTarPerm modified mode [ 'tools/1to2.js', 509, 493 ]
258 silly gentlyRm /Users/jasonkim/Sheng-ji/node_modules/.staging/bcrypt-fd9e637c/node_modules is being purged
259 verbose gentlyRm don't care about contents; nuking /Users/jasonkim/Sheng-ji/node_modules/.staging/bcrypt-fd9e637c/node_modules
260 silly gentlyRm /Users/jasonkim/Sheng-ji/node_modules/.staging/nan-8f9d88c2/node_modules is being purged
261 verbose gentlyRm don't care about contents; nuking /Users/jasonkim/Sheng-ji/node_modules/.staging/nan-8f9d88c2/node_modules
262 silly doParallel preinstall 2
263 silly preinstall nan@2.5.0 /Users/jasonkim/Sheng-ji/node_modules/.staging/nan-8f9d88c2
264 info lifecycle nan@2.5.0~preinstall: nan@2.5.0
265 silly preinstall bcrypt@1.0.2 /Users/jasonkim/Sheng-ji/node_modules/.staging/bcrypt-fd9e637c
266 info lifecycle bcrypt@1.0.2~preinstall: bcrypt@1.0.2
267 silly lifecycle nan@2.5.0~preinstall: no script for preinstall, continuing
268 silly lifecycle bcrypt@1.0.2~preinstall: no script for preinstall, continuing
269 silly doReverseSerial remove 0
270 silly doSerial move 0
271 silly doSerial finalize 2
272 silly finalize /Users/jasonkim/Sheng-ji/node_modules/bcrypt/node_modules/nan
273 silly finalize /Users/jasonkim/Sheng-ji/node_modules/bcrypt
274 silly doSerial build 2
275 silly build nan@2.5.0
276 info linkStuff nan@2.5.0
277 silly linkStuff nan@2.5.0 has /Users/jasonkim/Sheng-ji/node_modules/bcrypt/node_modules as its parent node_modules
278 verbose linkBins nan@2.5.0
279 verbose linkMans nan@2.5.0
280 silly build bcrypt@1.0.2
281 info linkStuff bcrypt@1.0.2
282 silly linkStuff bcrypt@1.0.2 has /Users/jasonkim/Sheng-ji/node_modules as its parent node_modules
283 verbose linkBins bcrypt@1.0.2
284 verbose linkMans bcrypt@1.0.2
285 silly doSerial global-link 0
286 silly doParallel update-linked 0
287 silly doSerial install 2
288 silly install nan@2.5.0 /Users/jasonkim/Sheng-ji/node_modules/.staging/nan-8f9d88c2
289 info lifecycle nan@2.5.0~install: nan@2.5.0
290 silly lifecycle nan@2.5.0~install: no script for install, continuing
291 silly install bcrypt@1.0.2 /Users/jasonkim/Sheng-ji/node_modules/.staging/bcrypt-fd9e637c
292 info lifecycle bcrypt@1.0.2~install: bcrypt@1.0.2
293 verbose lifecycle bcrypt@1.0.2~install: unsafe-perm in lifecycle false
294 verbose lifecycle bcrypt@1.0.2~install: PATH: /Users/jasonkim/.meteor/packages/meteor-tool/.1.4.2_3.1rd9djy++os.osx.x86_64+web.browser+web.cordova/mt-os.osx.x86_64/dev_bundle/lib/node_modules/npm/bin/node-gyp-bin:/Users/jasonkim/Sheng-ji/node_modules/bcrypt/node_modules/.bin:/Users/jasonkim/Sheng-ji/node_modules/.bin:/Users/jasonkim/.meteor/packages/meteor-tool/.1.4.2_3.1rd9djy++os.osx.x86_64+web.browser+web.cordova/mt-os.osx.x86_64/dev_bundle/bin:/Users/jasonkim/.meteor/packages/meteor-tool/.1.4.2_3.1rd9djy++os.osx.x86_64+web.browser+web.cordova/mt-os.osx.x86_64/dev_bundle/lib/node_modules/.bin:/usr/local/bin:/usr/bin:/bin:/usr/sbin:/sbin:/opt/X11/bin:/Library/TeX/texbin
295 verbose lifecycle bcrypt@1.0.2~install: CWD: /Users/jasonkim/Sheng-ji/node_modules/bcrypt
296 silly lifecycle bcrypt@1.0.2~install: Args: [ '-c', 'node-pre-gyp install --fallback-to-build' ]
297 silly lifecycle bcrypt@1.0.2~install: Returned: code: 1  signal: null
298 info lifecycle bcrypt@1.0.2~install: Failed to exec install script
299 verbose unlock done using /Users/jasonkim/.meteor/packages/meteor-tool/.1.4.2_3.1rd9djy++os.osx.x86_64+web.browser+web.cordova/mt-os.osx.x86_64/dev_bundle/.npm/_locks/staging-23969be9332ce265.lock for /Users/jasonkim/Sheng-ji/node_modules/.staging
300 silly rollbackFailedOptional Starting
301 silly rollbackFailedOptional Finishing
302 silly runTopLevelLifecycles Finishing
303 silly install printInstalled
304 verbose stack Error: bcrypt@1.0.2 install: `node-pre-gyp install --fallback-to-build`
304 verbose stack Exit status 1
304 verbose stack     at EventEmitter.<anonymous> (/Users/jasonkim/.meteor/packages/meteor-tool/.1.4.2_3.1rd9djy++os.osx.x86_64+web.browser+web.cordova/mt-os.osx.x86_64/dev_bundle/lib/node_modules/npm/lib/utils/lifecycle.js:255:16)
304 verbose stack     at emitTwo (events.js:87:13)
304 verbose stack     at EventEmitter.emit (events.js:172:7)
304 verbose stack     at ChildProcess.<anonymous> (/Users/jasonkim/.meteor/packages/meteor-tool/.1.4.2_3.1rd9djy++os.osx.x86_64+web.browser+web.cordova/mt-os.osx.x86_64/dev_bundle/lib/node_modules/npm/lib/utils/spawn.js:40:14)
304 verbose stack     at emitTwo (events.js:87:13)
304 verbose stack     at ChildProcess.emit (events.js:172:7)
304 verbose stack     at maybeClose (internal/child_process.js:854:16)
304 verbose stack     at Process.ChildProcess._handle.onexit (internal/child_process.js:222:5)
305 verbose pkgid bcrypt@1.0.2
306 verbose cwd /Users/jasonkim/Sheng-ji/imports/startup
307 error Darwin 15.6.0
308 error argv "/Users/jasonkim/.meteor/packages/meteor-tool/.1.4.2_3.1rd9djy++os.osx.x86_64+web.browser+web.cordova/mt-os.osx.x86_64/dev_bundle/bin/node" "/Users/jasonkim/.meteor/packages/meteor-tool/.1.4.2_3.1rd9djy++os.osx.x86_64+web.browser+web.cordova/mt-os.osx.x86_64/dev_bundle/bin/npm" "install" "--save" "bcrypt"
309 error node v4.6.2
310 error npm  v3.10.9
311 error code ELIFECYCLE
312 error bcrypt@1.0.2 install: `node-pre-gyp install --fallback-to-build`
312 error Exit status 1
313 error Failed at the bcrypt@1.0.2 install script 'node-pre-gyp install --fallback-to-build'.
313 error Make sure you have the latest version of node.js and npm installed.
313 error If you do, this is most likely a problem with the bcrypt package,
313 error not with npm itself.
313 error Tell the author that this fails on your system:
313 error     node-pre-gyp install --fallback-to-build
313 error You can get information on how to open an issue for this project with:
313 error     npm bugs bcrypt
313 error Or if that isn't available, you can get their info via:
313 error     npm owner ls bcrypt
313 error There is likely additional logging output above.
314 verbose exit [ 1, true ]
